{"level":"info","message":"Server running on port 5000","timestamp":"2024-09-07T18:29:56.838Z"}
{"level":"error","message":"Error connecting to database: getaddrinfo ENOTFOUND dpg-craklelds78s73d5o7u0-a","name":"SequelizeHostNotFoundError","original":{"code":"ENOTFOUND","errno":-3008,"hostname":"dpg-craklelds78s73d5o7u0-a","syscall":"getaddrinfo"},"parent":{"code":"ENOTFOUND","errno":-3008,"hostname":"dpg-craklelds78s73d5o7u0-a","syscall":"getaddrinfo"},"stack":"SequelizeHostNotFoundError: getaddrinfo ENOTFOUND dpg-craklelds78s73d5o7u0-a\n    at Client._connectionCallback (/home/runner/talkie-backend/node_modules/sequelize/lib/dialects/postgres/connection-manager.js:136:24)\n    at Client._handleErrorWhileConnecting (/home/runner/talkie-backend/node_modules/pg/lib/client.js:327:19)\n    at Client._handleErrorEvent (/home/runner/talkie-backend/node_modules/pg/lib/client.js:337:19)\n    at Connection.emit (node:events:519:28)\n    at Socket.reportStreamError (/home/runner/talkie-backend/node_modules/pg/lib/connection.js:58:12)\n    at Socket.emit (node:events:519:28)\n    at emitErrorNT (node:internal/streams/destroy:169:8)\n    at emitErrorCloseNT (node:internal/streams/destroy:128:3)\n    at process.processTicksAndRejections (node:internal/process/task_queues:82:21)","timestamp":"2024-09-07T18:29:58.263Z"}
{"level":"info","message":"Server running on port 5000","timestamp":"2024-09-07T18:34:49.915Z"}
{"level":"error","message":"Error connecting to database: SSL/TLS required","name":"SequelizeConnectionError","original":{"code":"28000","length":37,"name":"error","severity":"FATAL"},"parent":{"code":"28000","length":37,"name":"error","severity":"FATAL"},"stack":"SequelizeConnectionError: SSL/TLS required\n    at Client._connectionCallback (/home/runner/talkie-backend/node_modules/sequelize/lib/dialects/postgres/connection-manager.js:145:24)\n    at Client._handleErrorWhileConnecting (/home/runner/talkie-backend/node_modules/pg/lib/client.js:327:19)\n    at Client._handleErrorMessage (/home/runner/talkie-backend/node_modules/pg/lib/client.js:347:19)\n    at Connection.emit (node:events:519:28)\n    at /home/runner/talkie-backend/node_modules/pg/lib/connection.js:117:12\n    at Parser.parse (/home/runner/talkie-backend/node_modules/pg-protocol/dist/parser.js:36:17)\n    at Socket.<anonymous> (/home/runner/talkie-backend/node_modules/pg-protocol/dist/index.js:11:42)\n    at Socket.emit (node:events:519:28)\n    at addChunk (node:internal/streams/readable:559:12)\n    at readableAddChunkPushByteMode (node:internal/streams/readable:510:3)","timestamp":"2024-09-07T18:34:51.566Z"}
{"level":"info","message":"Server running on port 5000","timestamp":"2024-09-07T18:36:18.899Z"}
{"level":"info","message":"Connected to PostgreSQL database","timestamp":"2024-09-07T18:36:25.535Z"}
{"level":"info","message":"Server running on port 5000","timestamp":"2024-09-08T13:13:45.901Z"}
{"level":"info","message":"Connected to PostgreSQL database","timestamp":"2024-09-08T13:13:51.723Z"}
{"level":"info","message":"Server running on port 5000","timestamp":"2024-09-08T14:10:37.644Z"}
{"level":"info","message":"Connected to PostgreSQL database","timestamp":"2024-09-08T14:10:42.838Z"}
{"level":"info","message":"Server running on port 5000","timestamp":"2024-09-08T14:47:10.373Z"}
{"level":"info","message":"Connected to PostgreSQL database","timestamp":"2024-09-08T14:47:16.313Z"}
{"level":"info","message":"Server running on port 5000","timestamp":"2024-09-08T14:53:35.130Z"}
{"level":"info","message":"Connected to PostgreSQL database","timestamp":"2024-09-08T14:53:43.651Z"}
{"code":"42P01","file":"parse_relation.c","length":108,"level":"error","line":"1449","message":"Error fetching user profile: relation \"accounts\" does not exist","name":"error","position":"402","routine":"parserOpenTable","severity":"ERROR","stack":"error: relation \"accounts\" does not exist\n    at /home/runner/talkie-backend/node_modules/pg-pool/index.js:45:11\n    at process.processTicksAndRejections (node:internal/process/task_queues:95:5)\n    at async exports.getUserProfile (/home/runner/talkie-backend/src/controllers/userController.js:41:20)","timestamp":"2024-09-08T15:09:25.053Z"}
{"code":"42P01","file":"parse_relation.c","length":108,"level":"error","line":"1449","message":"Error fetching user profile: relation \"accounts\" does not exist","name":"error","position":"402","routine":"parserOpenTable","severity":"ERROR","stack":"error: relation \"accounts\" does not exist\n    at /home/runner/talkie-backend/node_modules/pg-pool/index.js:45:11\n    at process.processTicksAndRejections (node:internal/process/task_queues:95:5)\n    at async exports.getUserProfile (/home/runner/talkie-backend/src/controllers/userController.js:41:20)","timestamp":"2024-09-08T15:09:27.995Z"}
{"code":"42P01","file":"parse_relation.c","length":108,"level":"error","line":"1449","message":"Error fetching user profile: relation \"accounts\" does not exist","name":"error","position":"402","routine":"parserOpenTable","severity":"ERROR","stack":"error: relation \"accounts\" does not exist\n    at /home/runner/talkie-backend/node_modules/pg-pool/index.js:45:11\n    at process.processTicksAndRejections (node:internal/process/task_queues:95:5)\n    at async exports.getUserProfile (/home/runner/talkie-backend/src/controllers/userController.js:41:20)","timestamp":"2024-09-08T15:10:00.436Z"}
{"code":"42P01","file":"parse_relation.c","length":108,"level":"error","line":"1449","message":"Error fetching user profile: relation \"accounts\" does not exist","name":"error","position":"402","routine":"parserOpenTable","severity":"ERROR","stack":"error: relation \"accounts\" does not exist\n    at /home/runner/talkie-backend/node_modules/pg-pool/index.js:45:11\n    at process.processTicksAndRejections (node:internal/process/task_queues:95:5)\n    at async exports.getUserProfile (/home/runner/talkie-backend/src/controllers/userController.js:41:20)","timestamp":"2024-09-08T15:10:03.304Z"}
{"code":"42P01","file":"parse_relation.c","length":108,"level":"error","line":"1449","message":"Error fetching user profile: relation \"accounts\" does not exist","name":"error","position":"402","routine":"parserOpenTable","severity":"ERROR","stack":"error: relation \"accounts\" does not exist\n    at /home/runner/talkie-backend/node_modules/pg-pool/index.js:45:11\n    at process.processTicksAndRejections (node:internal/process/task_queues:95:5)\n    at async exports.getUserProfile (/home/runner/talkie-backend/src/controllers/userController.js:41:20)","timestamp":"2024-09-08T15:12:26.622Z"}
{"code":"42P01","file":"parse_relation.c","length":108,"level":"error","line":"1449","message":"Error fetching user profile: relation \"accounts\" does not exist","name":"error","position":"402","routine":"parserOpenTable","severity":"ERROR","stack":"error: relation \"accounts\" does not exist\n    at /home/runner/talkie-backend/node_modules/pg-pool/index.js:45:11\n    at process.processTicksAndRejections (node:internal/process/task_queues:95:5)\n    at async exports.getUserProfile (/home/runner/talkie-backend/src/controllers/userController.js:41:20)","timestamp":"2024-09-08T15:12:31.189Z"}
{"code":"42P01","file":"parse_relation.c","length":108,"level":"error","line":"1449","message":"Error fetching user profile: relation \"accounts\" does not exist","name":"error","position":"402","routine":"parserOpenTable","severity":"ERROR","stack":"error: relation \"accounts\" does not exist\n    at /home/runner/talkie-backend/node_modules/pg-pool/index.js:45:11\n    at process.processTicksAndRejections (node:internal/process/task_queues:95:5)\n    at async exports.getUserProfile (/home/runner/talkie-backend/src/controllers/userController.js:41:20)","timestamp":"2024-09-08T15:13:36.753Z"}
{"level":"info","message":"Server running on port 5000","timestamp":"2024-09-08T15:20:33.496Z"}
{"level":"info","message":"Connected to PostgreSQL database","timestamp":"2024-09-08T15:20:38.404Z"}
{"level":"info","message":"Server running on port 5000","timestamp":"2024-09-08T16:04:51.825Z"}
{"level":"error","message":"Error connecting to database: Connection terminated unexpectedly","stack":"Error: Connection terminated unexpectedly\n    at /home/runner/talkie-backend/node_modules/pg-pool/index.js:45:11\n    at process.processTicksAndRejections (node:internal/process/task_queues:95:5)\n    at async connectDB (/home/runner/talkie-backend/src/config/database.js:25:5)","timestamp":"2024-09-08T16:07:07.854Z"}
{"level":"info","message":"Server running on port 5000","timestamp":"2024-09-08T16:11:28.027Z"}
{"level":"info","message":"Connected to PostgreSQL database","timestamp":"2024-09-08T16:11:34.704Z"}
{"level":"info","message":"Server running on port 5000","timestamp":"2024-09-08T18:53:17.645Z"}
{"level":"info","message":"Connected to PostgreSQL database","timestamp":"2024-09-08T18:53:22.560Z"}
{"level":"info","message":"Server running on port 5000","timestamp":"2024-09-09T06:34:57.242Z"}
{"level":"info","message":"Connected to PostgreSQL database","timestamp":"2024-09-09T06:35:03.329Z"}
{"code":"23505","constraint":"users_username_key","detail":"Key (username)=(Neza) already exists.","file":"nbtinsert.c","length":205,"level":"error","line":"666","message":"Error in user registration: duplicate key value violates unique constraint \"users_username_key\"","name":"error","routine":"_bt_check_unique","schema":"public","severity":"ERROR","stack":"error: duplicate key value violates unique constraint \"users_username_key\"\n    at /home/runner/talkie-backend/node_modules/pg-pool/index.js:45:11\n    at process.processTicksAndRejections (node:internal/process/task_queues:95:5)\n    at async exports.register (/home/runner/talkie-backend/src/controllers/authController.js:47:24)","table":"users","timestamp":"2024-09-09T06:40:12.111Z"}
{"code":"23505","constraint":"users_username_key","detail":"Key (username)=(Neza) already exists.","file":"nbtinsert.c","length":205,"level":"error","line":"666","message":"Error in user registration: duplicate key value violates unique constraint \"users_username_key\"","name":"error","routine":"_bt_check_unique","schema":"public","severity":"ERROR","stack":"error: duplicate key value violates unique constraint \"users_username_key\"\n    at /home/runner/talkie-backend/node_modules/pg-pool/index.js:45:11\n    at process.processTicksAndRejections (node:internal/process/task_queues:95:5)\n    at async exports.register (/home/runner/talkie-backend/src/controllers/authController.js:47:24)","table":"users","timestamp":"2024-09-09T06:40:34.514Z"}
{"code":"23505","constraint":"users_username_key","detail":"Key (username)=(Neza) already exists.","file":"nbtinsert.c","length":205,"level":"error","line":"666","message":"Error in user registration: duplicate key value violates unique constraint \"users_username_key\"","name":"error","routine":"_bt_check_unique","schema":"public","severity":"ERROR","stack":"error: duplicate key value violates unique constraint \"users_username_key\"\n    at /home/runner/talkie-backend/node_modules/pg-pool/index.js:45:11\n    at process.processTicksAndRejections (node:internal/process/task_queues:95:5)\n    at async exports.register (/home/runner/talkie-backend/src/controllers/authController.js:47:24)","table":"users","timestamp":"2024-09-09T06:43:38.512Z"}
{"code":"23505","constraint":"users_username_key","detail":"Key (username)=(Neza) already exists.","file":"nbtinsert.c","length":205,"level":"error","line":"666","message":"Error in user registration: duplicate key value violates unique constraint \"users_username_key\"","name":"error","routine":"_bt_check_unique","schema":"public","severity":"ERROR","stack":"error: duplicate key value violates unique constraint \"users_username_key\"\n    at /home/runner/talkie-backend/node_modules/pg-pool/index.js:45:11\n    at process.processTicksAndRejections (node:internal/process/task_queues:95:5)\n    at async exports.register (/home/runner/talkie-backend/src/controllers/authController.js:47:24)","table":"users","timestamp":"2024-09-09T06:45:44.887Z"}
{"code":"23505","constraint":"users_username_key","detail":"Key (username)=(Neza) already exists.","file":"nbtinsert.c","length":205,"level":"error","line":"666","message":"Error in user registration: duplicate key value violates unique constraint \"users_username_key\"","name":"error","routine":"_bt_check_unique","schema":"public","severity":"ERROR","stack":"error: duplicate key value violates unique constraint \"users_username_key\"\n    at /home/runner/talkie-backend/node_modules/pg-pool/index.js:45:11\n    at process.processTicksAndRejections (node:internal/process/task_queues:95:5)\n    at async exports.register (/home/runner/talkie-backend/src/controllers/authController.js:47:24)","table":"users","timestamp":"2024-09-09T06:47:50.623Z"}
{"level":"info","message":"Server running on port 5000","timestamp":"2024-09-09T07:02:25.049Z"}
{"level":"info","message":"Connected to PostgreSQL database","timestamp":"2024-09-09T07:02:30.104Z"}
{"level":"info","message":"Server running on port 5000","timestamp":"2024-09-09T07:19:21.185Z"}
{"level":"info","message":"Connected to PostgreSQL database","timestamp":"2024-09-09T07:19:26.089Z"}
{"level":"info","message":"Server running on port 5000","timestamp":"2024-09-09T07:31:21.075Z"}
{"level":"info","message":"Connected to PostgreSQL database","timestamp":"2024-09-09T07:31:27.880Z"}
{"level":"info","message":"Server running on port 5000","timestamp":"2024-09-09T09:12:42.248Z"}
{"level":"info","message":"Connected to PostgreSQL database","timestamp":"2024-09-09T09:12:48.075Z"}
{"level":"info","message":"Server running on port 5000","timestamp":"2024-09-09T10:01:21.663Z"}
{"level":"info","message":"Connected to PostgreSQL database","timestamp":"2024-09-09T10:01:27.129Z"}
{"code":"42703","file":"parse_relation.c","length":108,"level":"error","line":"3722","message":"Error fetching all chats: column comm.icon does not exist","name":"error","position":"224","routine":"errorMissingColumn","severity":"ERROR","stack":"error: column comm.icon does not exist\n    at /home/runner/talkie-backend/node_modules/pg-pool/index.js:45:11\n    at process.processTicksAndRejections (node:internal/process/task_queues:95:5)\n    at async exports.getAllChats (/home/runner/talkie-backend/src/controllers/chatController.js:47:20)","timestamp":"2024-09-09T10:25:25.641Z"}
{"code":"42703","file":"parse_relation.c","length":108,"level":"error","line":"3722","message":"Error fetching all chats: column comm.icon does not exist","name":"error","position":"224","routine":"errorMissingColumn","severity":"ERROR","stack":"error: column comm.icon does not exist\n    at /home/runner/talkie-backend/node_modules/pg-pool/index.js:45:11\n    at process.processTicksAndRejections (node:internal/process/task_queues:95:5)\n    at async exports.getAllChats (/home/runner/talkie-backend/src/controllers/chatController.js:47:20)","timestamp":"2024-09-09T10:25:28.145Z"}
{"level":"info","message":"Server running on port 5000","timestamp":"2024-09-09T10:42:36.685Z"}
{"level":"info","message":"Connected to PostgreSQL database","timestamp":"2024-09-09T10:42:42.541Z"}
{"level":"info","message":"Server running on port 5000","timestamp":"2024-09-09T10:50:10.430Z"}
{"level":"info","message":"Connected to PostgreSQL database","timestamp":"2024-09-09T10:50:15.423Z"}
{"code":"23502","column":"name","detail":"Failing row contains (023e880c-05d8-4296-b0a9-522482771d5c, null, null, c80ed888-571b-4480-bf71-751ebb1cca90, 2024-09-09 11:21:41.025546+00).","file":"execMain.c","length":311,"level":"error","line":"2003","message":"Error creating community: null value in column \"name\" of relation \"community\" violates not-null constraint","name":"error","routine":"ExecConstraints","schema":"public","severity":"ERROR","stack":"error: null value in column \"name\" of relation \"community\" violates not-null constraint\n    at /home/runner/talkie-backend/node_modules/pg-pool/index.js:45:11\n    at process.processTicksAndRejections (node:internal/process/task_queues:95:5)\n    at async exports.createCommunity (/home/runner/talkie-backend/src/controllers/communityController.js:9:20)","table":"community","timestamp":"2024-09-09T11:21:41.100Z"}
{"level":"info","message":"Server running on port 5000","timestamp":"2024-09-09T11:45:01.466Z"}
{"level":"info","message":"Connected to PostgreSQL database","timestamp":"2024-09-09T11:45:06.465Z"}
{"level":"info","message":"Server running on port 5000","timestamp":"2024-09-09T11:47:52.985Z"}
{"level":"info","message":"Connected to PostgreSQL database","timestamp":"2024-09-09T11:47:59.858Z"}
{"level":"info","message":"Server running on port 5000","timestamp":"2024-09-09T11:51:49.062Z"}
{"level":"info","message":"Connected to PostgreSQL database","timestamp":"2024-09-09T11:51:53.996Z"}
{"level":"info","message":"Server running on port 5000","timestamp":"2024-09-09T11:56:48.478Z"}
{"level":"info","message":"Connected to PostgreSQL database","timestamp":"2024-09-09T11:56:54.418Z"}
{"level":"info","message":"Server running on port 5000","timestamp":"2024-09-09T12:03:03.996Z"}
{"level":"info","message":"Connected to PostgreSQL database","timestamp":"2024-09-09T12:03:08.966Z"}
{"level":"info","message":"Server running on port 5000","timestamp":"2024-09-09T12:06:40.771Z"}
{"level":"info","message":"Connected to PostgreSQL database","timestamp":"2024-09-09T12:06:48.560Z"}
{"level":"info","message":"Server running on port 5000","timestamp":"2024-09-09T12:24:42.900Z"}
{"level":"info","message":"Connected to PostgreSQL database","timestamp":"2024-09-09T12:24:48.716Z"}
{"level":"info","message":"Server running on port 5000","timestamp":"2024-09-09T12:28:34.480Z"}
{"level":"info","message":"Connected to PostgreSQL database","timestamp":"2024-09-09T12:28:39.360Z"}
{"level":"info","message":"Server running on port 5000","timestamp":"2024-09-09T12:46:50.784Z"}
{"level":"info","message":"Connected to PostgreSQL database","timestamp":"2024-09-09T12:46:56.538Z"}
{"code":"42804","file":"parse_target.c","hint":"You will need to rewrite or cast the expression.","length":190,"level":"error","line":"586","message":"Error creating community: column \"user_id\" is of type uuid but expression is of type text","name":"error","position":"189","routine":"transformAssignedExpr","severity":"ERROR","stack":"error: column \"user_id\" is of type uuid but expression is of type text\n    at /home/runner/talkie-backend/node_modules/pg-pool/index.js:45:11\n    at process.processTicksAndRejections (node:internal/process/task_queues:95:5)\n    at async exports.createCommunity (/home/runner/talkie-backend/src/controllers/communityController.js:22:5)","timestamp":"2024-09-09T12:48:30.884Z"}
{"level":"info","message":"Server running on port 5000","timestamp":"2024-09-09T12:55:51.081Z"}
{"level":"info","message":"Connected to PostgreSQL database","timestamp":"2024-09-09T12:55:57.228Z"}
{"level":"info","message":"Server running on port 5000","timestamp":"2024-09-09T13:01:21.656Z"}
{"level":"info","message":"Connected to PostgreSQL database","timestamp":"2024-09-09T13:01:27.653Z"}
{"level":"info","message":"Server running on port 5000","timestamp":"2024-09-09T15:05:23.025Z"}
{"level":"info","message":"Connected to PostgreSQL database","timestamp":"2024-09-09T15:05:27.941Z"}
{"code":"42703","file":"parse_relation.c","length":107,"level":"error","line":"3722","message":"Error fetching community chats: column comm.icon does not exist","name":"error","position":"50","routine":"errorMissingColumn","severity":"ERROR","stack":"error: column comm.icon does not exist\n    at /home/runner/talkie-backend/node_modules/pg-pool/index.js:45:11\n    at process.processTicksAndRejections (node:internal/process/task_queues:95:5)\n    at async exports.getCommunityChats (/home/runner/talkie-backend/src/controllers/chatController.js:241:20)","timestamp":"2024-09-09T15:21:11.941Z"}
{"code":"42703","file":"parse_relation.c","length":107,"level":"error","line":"3722","message":"Error fetching community chats: column comm.icon does not exist","name":"error","position":"50","routine":"errorMissingColumn","severity":"ERROR","stack":"error: column comm.icon does not exist\n    at /home/runner/talkie-backend/node_modules/pg-pool/index.js:45:11\n    at process.processTicksAndRejections (node:internal/process/task_queues:95:5)\n    at async exports.getCommunityChats (/home/runner/talkie-backend/src/controllers/chatController.js:241:20)","timestamp":"2024-09-09T15:21:15.406Z"}
{"code":"42703","file":"parse_relation.c","length":107,"level":"error","line":"3722","message":"Error fetching community chats: column comm.icon does not exist","name":"error","position":"50","routine":"errorMissingColumn","severity":"ERROR","stack":"error: column comm.icon does not exist\n    at /home/runner/talkie-backend/node_modules/pg-pool/index.js:45:11\n    at process.processTicksAndRejections (node:internal/process/task_queues:95:5)\n    at async exports.getCommunityChats (/home/runner/talkie-backend/src/controllers/chatController.js:241:20)","timestamp":"2024-09-09T15:22:38.083Z"}
{"code":"42703","file":"parse_relation.c","length":107,"level":"error","line":"3722","message":"Error fetching community chats: column comm.icon does not exist","name":"error","position":"50","routine":"errorMissingColumn","severity":"ERROR","stack":"error: column comm.icon does not exist\n    at /home/runner/talkie-backend/node_modules/pg-pool/index.js:45:11\n    at process.processTicksAndRejections (node:internal/process/task_queues:95:5)\n    at async exports.getCommunityChats (/home/runner/talkie-backend/src/controllers/chatController.js:241:20)","timestamp":"2024-09-09T15:22:40.506Z"}
{"code":"42703","file":"parse_relation.c","length":107,"level":"error","line":"3722","message":"Error fetching community chats: column comm.icon does not exist","name":"error","position":"50","routine":"errorMissingColumn","severity":"ERROR","stack":"error: column comm.icon does not exist\n    at /home/runner/talkie-backend/node_modules/pg-pool/index.js:45:11\n    at process.processTicksAndRejections (node:internal/process/task_queues:95:5)\n    at async exports.getCommunityChats (/home/runner/talkie-backend/src/controllers/chatController.js:241:20)","timestamp":"2024-09-09T15:22:41.617Z"}
{"level":"info","message":"Server running on port 5000","timestamp":"2024-09-09T15:25:45.707Z"}
{"level":"info","message":"Connected to PostgreSQL database","timestamp":"2024-09-09T15:25:50.910Z"}
{"level":"info","message":"Server running on port 5000","timestamp":"2024-09-09T15:38:21.458Z"}
{"level":"info","message":"Connected to PostgreSQL database","timestamp":"2024-09-09T15:38:27.264Z"}
{"level":"info","message":"Server running on port 5000","timestamp":"2024-09-09T15:51:50.191Z"}
{"level":"info","message":"Connected to PostgreSQL database","timestamp":"2024-09-09T15:51:56.152Z"}
{"level":"info","message":"Server running on port 5000","timestamp":"2024-09-11T09:06:43.324Z"}
